*** Using Compiler 'V6.24', folder: 'C:\Keil_v5\ARM\ARMCLANG\Bin'
Build target 'STM32L471_FAN'
compiling user_HardwareInitTask.c...
compiling home_camp_res.c...
compiling fan_anim_res.c...
compiling user_EGUITask.c...
compiling icons.c...
compiling settings_app.c...
compiling lcd_init.c...
compiling home_theme2_cloud_cache.c...
compiling home_theme2_cloud_res.c...
compiling lcd.c...
compiling home_scene_res.c...
compiling ui.c...
compiling page_manager.c...
compiling ui_shutdown_popup.c...
compiling ui_system_popup.c...
compiling ui_StartPage.c...
compiling ui_poetry_popup.c...
compiling ui_heiti_font.c...
compiling ui_WeatherPage.c...
compiling ui_FanPage.c...
compiling ui_PoetryPage.c...
compiling egui_animation_alpha.c...
compiling egui_animation_color.c...
compiling egui_animation_resize.c...
compiling egui_animation_scale_size.c...
compiling egui_animation.c...
compiling egui_animation_set.c...
compiling egui_animation_timeline.c...
compiling ui_SettingPage.c...
compiling ui_HomePage.c...
compiling egui_animation_value.c...
compiling egui_interpolator.c...
compiling egui_animation_translate.c...
compiling egui_interpolator_anticipate.c...
compiling egui_interpolator_accelerate_decelerate.c...
compiling egui_interpolator_accelerate.c...
compiling egui_interpolator_anticipate_overshoot.c...
compiling egui_interpolator_bounce.c...
compiling egui_interpolator_cycle.c...
compiling egui_interpolator_decelerate.c...
compiling egui_interpolator_overshoot.c...
compiling egui_interpolator_linear.c...
compiling egui_view_fade.c...
compiling egui_msgbox.c...
compiling egui_activity.c...
compiling egui_background_color.c...
compiling egui_dialog.c...
compiling egui_toast.c...
compiling egui_background.c...
compiling egui_toast_std.c...
compiling egui_page_base.c...
compiling egui_background_gradient.c...
compiling egui_background_image.c...
compiling egui_canvas_bezier.c...
compiling egui_canvas_compact.c...
compiling egui_canvas_line.c...
compiling egui_canvas_triangle.c...
compiling egui_api.c...
compiling egui_canvas_polygon.c...
compiling egui_canvas_ellipse.c...
compiling egui_canvas_circle_hq.c...
compiling egui_canvas_line_hq.c...
compiling egui_common.c...
compiling egui_core_activity.c...
compiling egui_core_animation.c...
compiling egui_core.c...
compiling egui_core_debug.c...
compiling egui_core_dialog.c...
compiling egui_core_dirty.c...
compiling egui_core_key.c...
compiling egui_core_toast.c...
compiling egui_core_pfb.c...
compiling egui_event.c...
compiling egui_core_touch.c...
compiling egui_encoder_driver.c...
compiling egui_display_driver.c...
compiling egui_focus_group.c...
compiling egui_key_event.c...
compiling egui_focus.c...
compiling egui_input.c...
compiling egui_canvas.c...
compiling egui_motion_event.c...
compiling egui_pfb_manager.c...
compiling egui_region.c...
compiling egui_rotation.c...
compiling egui_platform.c...
compiling egui_subject.c...
compiling egui_scroller.c...
compiling egui_trig_lut.c...
compiling egui_touch_driver.c...
compiling egui_timer.c...
compiling egui_velocity_tracker.c...
compiling egui_font.c...
compiling egui_font_lattice.c...
compiling egui_font_ttf.c...
compiling egui_canvas_transform.c...
compiling egui_image.c...
compiling egui_image_file.c...
compiling egui_font_std.c...
compiling egui_image_rle.c...
compiling egui_mask.c...
compiling egui_image_decode_utils.c...
compiling egui_canvas_gradient.c...
compiling egui_mask_gradient.c...
compiling egui_image_svg.c...
compiling egui_mask_circle.c...
compiling egui_i18n.c...
compiling egui_image_qoi.c...
compiling egui_res_circle_info.c...
compiling egui_res_font_material_symbols_common_20_4.c...
compiling egui_res_font_material_symbols_common_16_4.c...
compiling egui_res_font_montserrat_10_4.c...
compiling egui_res_font_material_symbols_common_24_4.c...
compiling egui_mask_round_rectangle.c...
compiling egui_res_font_montserrat_12_4.c...
compiling egui_res_font_montserrat_14_4.c...
compiling egui_res_font_montserrat_16_4.c...
compiling egui_mask_image.c...
compiling egui_res_font_montserrat_18_4.c...
compiling egui_res_font_montserrat_20_4.c...
compiling egui_res_font_montserrat_22_4.c...
compiling egui_res_font_montserrat_24_4.c...
compiling egui_res_font_montserrat_26_4.c...
compiling egui_res_font_montserrat_32_4.c...
compiling egui_res_font_montserrat_28_4.c...
compiling egui_res_font_montserrat_30_4.c...
compiling egui_res_font_montserrat_34_4.c...
compiling egui_res_font_montserrat_36_4.c...
compiling egui_res_font_montserrat_38_4.c...
compiling egui_res_font_montserrat_40_4.c...
compiling egui_res_font_montserrat_42_4.c...
compiling egui_res_font_montserrat_8_4.c...
compiling egui_res_font_montserrat_44_4.c...
compiling egui_shadow.c...
compiling egui_style.c...
compiling egui_res_font_montserrat_46_4.c...
compiling egui_style_transition.c...
compiling egui_res_font_montserrat_48_4.c...
compiling egui_theme.c...
compiling egui_theme_dark.c...
compiling egui_theme_light.c...
compiling egui_test.c...
compiling egui_fixmath.c...
compiling simple_data_ringbuffer.c...
compiling simple_ringbuffer.c...
compiling egui_property.c...
compiling egui_utils.c...
compiling egui_sprintf.c...
compiling egui_view_activity_ring.c...
compiling egui_view_animated_image.c...
compiling egui_diag.c...
compiling egui_view_autocomplete.c...
compiling egui_view_arc_slider.c...
compiling egui_view_analog_clock.c...
compiling egui_view.c...
compiling egui_view_button.c...
compiling egui_view_canvas_panner.c...
compiling egui_view_button_matrix.c...
compiling egui_view_canvas_viewport.c...
compiling egui_view_card.c...
compiling egui_view_chart_bar.c...
compiling egui_view_chart_axis.c...
compiling egui_view_chart_scatter.c...
compiling egui_view_chart_line.c...
compiling egui_view_chips.c...
compiling egui_view_checkbox.c...
compiling egui_view_circle_dirty.c...
compiling egui_view_circular_progress_bar.c...
compiling egui_view_deferred_image.c...
compiling egui_view_chart_common.c...
compiling egui_view_compass.c...
compiling egui_image_std.c...
compiling egui_view_combobox.c...
compiling egui_view_chart_pie.c...
compiling egui_view_flexlayout.c...
compiling egui_view_divider.c...
compiling egui_view_dynamic_label.c...
compiling egui_view_digital_clock.c...
compiling egui_view_gridlayout.c...
compiling egui_view_grid_view.c...
compiling egui_view_image.c...
compiling egui_view_heart_rate.c...
compiling egui_view_gauge.c...
compiling egui_view_group.c...
compiling egui_view_keyboard.c...
compiling egui_view_led.c...
compiling egui_view_line.c...
compiling egui_view_image_button.c...
compiling egui_view_label.c...
compiling egui_view_linear_value_helper.c...
compiling egui_view_linearlayout.c...
compiling egui_view_lyric_scroller.c...
compiling egui_view_list_view.c...
compiling egui_view_list.c...
compiling egui_view_menu.c...
compiling egui_view_mini_calendar.c...
compiling egui_view_page_indicator.c...
compiling egui_view_number_picker.c...
compiling egui_view_progress_bar.c...
compiling egui_view_notification_badge.c...
compiling egui_view_pattern_lock.c...
compiling egui_view_mp4.c...
compiling egui_view_radio_button.c...
compiling egui_view_ring_text_basic.c...
compiling egui_view_roller.c...
compiling egui_view_spangroup.c...
compiling egui_view_scale.c...
compiling egui_view_scroll.c...
compiling egui_view_slider.c...
compiling egui_view_spinner.c...
compiling egui_view_stepper.c...
compiling egui_view_stopwatch.c...
compiling egui_view_segmented_control.c...
compiling egui_view_switch.c...
compiling egui_view_tab_bar.c...
compiling egui_view_table.c...
compiling egui_view_tileview.c...
compiling egui_view_textinput.c...
compiling egui_view_toggle_button.c...
compiling egui_view_viewpage.c...
compiling egui_view_viewpage_cache.c...
compiling egui_view_textblock.c...
compiling egui_view_virtual_list.c...
compiling egui_view_virtual_page.c...
compiling egui_view_virtual_section_list.c...
compiling egui_view_virtual_strip.c...
compiling egui_view_window.c...
compiling egui_view_virtual_tree.c...
compiling egui_port_stm32l471_fan.c...
compiling egui_view_virtual_grid.c...
compiling egui_view_virtual_stage.c...
compiling egui_view_virtual_viewport.c...
linking...
Program Size: Code=311788 RO-data=623636 RW-data=16152 ZI-data=102864  
FromELF: creating hex file...
"STM32L471_FAN\STM32L471_FAN.axf" - 0 Error(s), 0 Warning(s).
Build Time Elapsed:  00:00:17
